<?xml version="1.0" encoding="utf-8"?><testsuites name="pytest tests"><testsuite name="pytest" errors="0" failures="0" skipped="0" tests="8" time="4.761" timestamp="2026-04-28T03:31:37.601284+00:00" hostname="agent-env-650bbfe7-aacc-44f8-ae59-7c216c9526c3"><testcase classname="backend.tests.test_dunasavvy" name="test_health" time="0.213" /><testcase classname="backend.tests.test_dunasavvy" name="test_demo_comparison_default" time="0.155" /><testcase classname="backend.tests.test_dunasavvy" name="test_demo_gouging" time="0.106" /><testcase classname="backend.tests.test_dunasavvy" name="test_demo_address_mismatch" time="0.112" /><testcase classname="backend.tests.test_dunasavvy" name="test_demo_auth_required" time="0.177" /><testcase classname="backend.tests.test_dunasavvy" name="test_compare_custom" time="0.120" /><testcase classname="backend.tests.test_dunasavvy" name="test_cart_ingest_and_get" time="0.203" /><testcase classname="backend.tests.test_dunasavvy" name="test_fuzzy_match" time="3.554" /></testsuite></testsuites>